{"C:\\DSA Cheat sheet\\Data-structure-JS-and-Psuedo\\src\\data-structures\\linked-lists\\LinkedList.js": {"path":"C:\\DSA Cheat sheet\\Data-structure-JS-and-Psuedo\\src\\data-structures\\linked-lists\\LinkedList.js","statementMap":{"0":{"start":{"line":3,"column":4},"end":{"line":3,"column":21}},"1":{"start":{"line":4,"column":4},"end":{"line":4,"column":18}},"2":{"start":{"line":8,"column":20},"end":{"line":8,"column":56}},"3":{"start":{"line":9,"column":4},"end":{"line":9,"column":24}},"4":{"start":{"line":10,"column":4},"end":{"line":10,"column":16}},"5":{"start":{"line":23,"column":4},"end":{"line":23,"column":22}},"6":{"start":{"line":24,"column":4},"end":{"line":24,"column":20}},"7":{"start":{"line":28,"column":0},"end":{"line":28,"column":28}}},"fnMap":{"0":{"name":"(anonymous_0)","decl":{"start":{"line":2,"column":2},"end":{"line":2,"column":3}},"loc":{"start":{"line":2,"column":15},"end":{"line":5,"column":3}},"line":2},"1":{"name":"(anonymous_1)","decl":{"start":{"line":7,"column":2},"end":{"line":7,"column":3}},"loc":{"start":{"line":7,"column":16},"end":{"line":11,"column":3}},"line":7},"2":{"name":"(anonymous_2)","decl":{"start":{"line":22,"column":2},"end":{"line":22,"column":3}},"loc":{"start":{"line":22,"column":26},"end":{"line":25,"column":3}},"line":22}},"branchMap":{},"s":{"0":1,"1":1,"2":2,"3":2,"4":2,"5":2,"6":2,"7":1},"f":{"0":1,"1":2,"2":2},"b":{},"_coverageSchema":"1a1c01bbd47fc00a2c39e90264f33305004495a9","hash":"9c6390a975ed80c0050c2040490b2dfc2a0649e7"}
}
