{"C:\\DSA Cheat sheet\\Data-structure-JS-and-Psuedo\\src\\data-structures\\linked-lists\\LinkedList.js": {"path":"C:\\DSA Cheat sheet\\Data-structure-JS-and-Psuedo\\src\\data-structures\\linked-lists\\LinkedList.js","statementMap":{"0":{"start":{"line":3,"column":4},"end":{"line":3,"column":21}},"1":{"start":{"line":4,"column":4},"end":{"line":4,"column":18}},"2":{"start":{"line":8,"column":20},"end":{"line":8,"column":56}},"3":{"start":{"line":9,"column":4},"end":{"line":9,"column":24}},"4":{"start":{"line":10,"column":4},"end":{"line":10,"column":16}},"5":{"start":{"line":15,"column":4},"end":{"line":15,"column":54}},"6":{"start":{"line":15,"column":43},"end":{"line":15,"column":54}},"7":{"start":{"line":17,"column":18},"end":{"line":17,"column":27}},"8":{"start":{"line":18,"column":4},"end":{"line":20,"column":5}},"9":{"start":{"line":18,"column":17},"end":{"line":18,"column":18}},"10":{"start":{"line":19,"column":6},"end":{"line":19,"column":28}},"11":{"start":{"line":21,"column":4},"end":{"line":21,"column":18}},"12":{"start":{"line":25,"column":17},"end":{"line":25,"column":19}},"13":{"start":{"line":26,"column":18},"end":{"line":26,"column":27}},"14":{"start":{"line":27,"column":4},"end":{"line":30,"column":5}},"15":{"start":{"line":28,"column":6},"end":{"line":28,"column":46}},"16":{"start":{"line":29,"column":6},"end":{"line":29,"column":28}},"17":{"start":{"line":31,"column":4},"end":{"line":31,"column":32}},"18":{"start":{"line":37,"column":4},"end":{"line":37,"column":22}},"19":{"start":{"line":38,"column":4},"end":{"line":38,"column":20}},"20":{"start":{"line":42,"column":0},"end":{"line":48,"column":1}},"21":{"start":{"line":43,"column":23},"end":{"line":43,"column":39}},"22":{"start":{"line":44,"column":2},"end":{"line":46,"column":3}},"23":{"start":{"line":44,"column":15},"end":{"line":44,"column":31}},"24":{"start":{"line":45,"column":4},"end":{"line":45,"column":36}},"25":{"start":{"line":47,"column":2},"end":{"line":47,"column":22}},"26":{"start":{"line":50,"column":0},"end":{"line":50,"column":28}}},"fnMap":{"0":{"name":"(anonymous_0)","decl":{"start":{"line":2,"column":2},"end":{"line":2,"column":3}},"loc":{"start":{"line":2,"column":15},"end":{"line":5,"column":3}},"line":2},"1":{"name":"(anonymous_1)","decl":{"start":{"line":7,"column":2},"end":{"line":7,"column":3}},"loc":{"start":{"line":7,"column":16},"end":{"line":11,"column":3}},"line":7},"2":{"name":"(anonymous_2)","decl":{"start":{"line":14,"column":2},"end":{"line":14,"column":3}},"loc":{"start":{"line":14,"column":20},"end":{"line":22,"column":3}},"line":14},"3":{"name":"(anonymous_3)","decl":{"start":{"line":24,"column":2},"end":{"line":24,"column":3}},"loc":{"start":{"line":24,"column":14},"end":{"line":32,"column":3}},"line":24},"4":{"name":"(anonymous_4)","decl":{"start":{"line":36,"column":2},"end":{"line":36,"column":3}},"loc":{"start":{"line":36,"column":26},"end":{"line":39,"column":3}},"line":36},"5":{"name":"(anonymous_5)","decl":{"start":{"line":42,"column":24},"end":{"line":42,"column":25}},"loc":{"start":{"line":42,"column":39},"end":{"line":48,"column":1}},"line":42}},"branchMap":{"0":{"loc":{"start":{"line":15,"column":4},"end":{"line":15,"column":54}},"type":"if","locations":[{"start":{"line":15,"column":4},"end":{"line":15,"column":54}},{"start":{},"end":{}}],"line":15},"1":{"loc":{"start":{"line":15,"column":8},"end":{"line":15,"column":41}},"type":"binary-expr","locations":[{"start":{"line":15,"column":8},"end":{"line":15,"column":17}},{"start":{"line":15,"column":21},"end":{"line":15,"column":41}}],"line":15}},"s":{"0":5,"1":5,"2":12,"3":12,"4":12,"5":4,"6":1,"7":3,"8":3,"9":3,"10":5,"11":2,"12":0,"13":0,"14":0,"15":0,"16":0,"17":0,"18":12,"19":12,"20":1,"21":4,"22":4,"23":4,"24":10,"25":4,"26":1},"f":{"0":5,"1":12,"2":4,"3":0,"4":12,"5":4},"b":{"0":[1,3],"1":[4,3]},"_coverageSchema":"1a1c01bbd47fc00a2c39e90264f33305004495a9","hash":"b0dbbf77c83a8dd4707cce031459142d23ee4a5d"}
}
