TN:
SF:src\data-structures\linked-lists\LinkedList.js
FN:2,(anonymous_0)
FN:7,(anonymous_1)
FN:14,(anonymous_2)
FN:24,(anonymous_3)
FN:36,(anonymous_4)
FN:42,(anonymous_5)
FNF:6
FNH:5
FNDA:5,(anonymous_0)
FNDA:12,(anonymous_1)
FNDA:4,(anonymous_2)
FNDA:0,(anonymous_3)
FNDA:12,(anonymous_4)
FNDA:4,(anonymous_5)
DA:3,5
DA:4,5
DA:8,12
DA:9,12
DA:10,12
DA:15,4
DA:17,3
DA:18,3
DA:19,5
DA:21,2
DA:25,0
DA:26,0
DA:27,0
DA:28,0
DA:29,0
DA:31,0
DA:37,12
DA:38,12
DA:42,1
DA:43,4
DA:44,4
DA:45,10
DA:47,4
DA:50,1
LF:24
LH:18
BRDA:15,0,0,1
BRDA:15,0,1,3
BRDA:15,1,0,4
BRDA:15,1,1,3
BRF:4
BRH:4
end_of_record
